1614279061426	geckodriver	INFO	Listening on 127.0.0.1:60022
1614279064442	mozrunner::runner	INFO	Running command: "C:\\Program Files\\Mozilla Firefox\\firefox.exe" "--marionette" "-headless" "-foreground" "-no-remote" "-profile" "C:\\Users\\dell\\AppData\\Local\\Temp\\rust_mozprofile0mnSaP"
*** You are running in headless mode.
console.warn: SearchSettings: "get: No settings file exists, new profile?" (new Error("", "(unknown module)"))
1614279066284	Marionette	INFO	Listening on port 60030
1614279066467	Marionette	WARN	TLS certificate errors will be ignored for this session
1614279066480	Marionette	ERROR	[15] No reply from Marionette:Register
console.warn: SearchSettings: "get: No settings file exists, new profile?" (new Error("", "(unknown module)"))
JavaScript warning: https://mc.yandex.ru/metrika/tag.js, line 113: WebGL warning: <Create>: Can't use WebGL in headless mode (https://bugzil.la/1375585).
JavaScript warning: https://mc.yandex.ru/metrika/tag.js, line 113: Failed to create WebGL context: WebGL creation failed: 
* Can't use WebGL in headless mode (https://bugzil.la/1375585).
JavaScript warning: https://mc.yandex.ru/metrika/tag.js, line 113: WebGL warning: <Create>: Can't use WebGL in headless mode (https://bugzil.la/1375585).
JavaScript warning: https://mc.yandex.ru/metrika/tag.js, line 113: Failed to create WebGL context: WebGL creation failed: 
* Can't use WebGL in headless mode (https://bugzil.la/1375585).
console.log: WebExtensions: reset-default-search: No addons in our list are installed.
JavaScript error: , line 0: NS_ERROR_NOT_AVAILABLE
JavaScript error: , line 0: NS_ERROR_NOT_AVAILABLE
JavaScript error: , line 0: NS_ERROR_NOT_AVAILABLE
JavaScript error: , line 0: NS_ERROR_NOT_AVAILABLE
JavaScript error: , line 0: NS_ERROR_NOT_AVAILABLE
JavaScript error: , line 0: NS_ERROR_NOT_AVAILABLE
JavaScript error: , line 0: NS_ERROR_NOT_AVAILABLE
JavaScript error: , line 0: NS_ERROR_NOT_AVAILABLE
console.error: Region.jsm: "Error fetching region" (new TypeError("NetworkError when attempting to fetch resource.", ""))
console.error: Region.jsm: "Failed to fetch region" (new Error("NO_RESULT", "resource://gre/modules/Region.jsm", 422))
JavaScript error: , line 0: NS_ERROR_NOT_AVAILABLE
95ad64.js, line 2: unreachable code after return statement
console.log: WebExtensions: reset-default-search: No addons in our list are installed.
1614280722365	Marionette	INFO	Stopped listening on port 60135

###!!! [Child][RunMessage] Error: Channel closing: too late to send/recv, messages will be lost

